Added Component: Designator=C1(0805_CAP)
Added Component: Designator=C2(0805_CAP)
Added Component: Designator=C3(0805_CAP)
Added Component: Designator=C4(0805_CAP)
Added Component: Designator=C5(0805_CAP)
Added Component: Designator=C6(0805_CAP)
Added Component: Designator=C7(0805_CAP)
Added Component: Designator=C8(0805_CAP)
Added Component: Designator=C9(0805_CAP)
Added Component: Designator=C10(0805_CAP)
Added Component: Designator=C11(CAP0402)
Added Component: Designator=C12(CAP0402)
Added Component: Designator=C13(0805_CAP)
Added Component: Designator=C14(0805_CAP)
Added Component: Designator=COMM1(HDR2X3_CEN)
Added Component: Designator=D1(SOD-323)
Added Component: Designator=D2(LED0603)
Added Component: Designator=D3(LED0603)
Added Component: Designator=D4(LED0603)
Added Component: Designator=D5(LED0603)
Added Component: Designator=D6(SOD-323)
Added Component: Designator=D7(SOD-323)
Added Component: Designator=P1(HDR2X6)
Added Component: Designator=P2(HDR2X6)
Added Component: Designator=P3(HDR2X6)
Added Component: Designator=P4(HDR2X6)
Added Component: Designator=P5(HDR1X2)
Added Component: Designator=P6(HDR2X5)
Added Component: Designator=P7(HDR1X2)
Added Component: Designator=P8(HDR2X4_CEN)
Added Component: Designator=P9(HDR1X2)
Added Component: Designator=Q1(SOT23)
Added Component: Designator=Q2(SOT23)
Added Component: Designator=R1(0805_RES)
Added Component: Designator=R2(0805_RES)
Added Component: Designator=R3(0805_RES)
Added Component: Designator=R4(0805_RES)
Added Component: Designator=R5(0805_RES)
Added Component: Designator=R6(0805_RES)
Added Component: Designator=R7(0805_RES)
Added Component: Designator=R8(0805_RES)
Added Component: Designator=R9(0805_RES)
Added Component: Designator=R10(0805_RES)
Added Component: Designator=R11(0805_RES)
Added Component: Designator=R12(POT_SMD)
Added Component: Designator=R13(0805_RES)
Added Component: Designator=S1(SW-PB6mm - 2)
Added Component: Designator=S2(SW-PB6mm - 2)
Added Component: Designator=S3(SW-PB6mm - 2)
Added Component: Designator=S4(SW-PB6mm - 2)
Added Component: Designator=U1(SOIC127P602-16BN)
Added Component: Designator=U2(TQFP48_LPC1343)
Added Component: Designator=VR1(SOT-223 - M3)
Added Component: Designator=Y1(HC-49U)
Added Component: Designator=Y2(SX6035)
Added Pin To Net: NetName=3V3 Pin=C2-2
Added Pin To Net: NetName=3V3 Pin=C6-2
Added Pin To Net: NetName=3V3 Pin=C9-2
Added Pin To Net: NetName=3V3 Pin=C10-2
Added Pin To Net: NetName=3V3 Pin=C11-2
Added Pin To Net: NetName=3V3 Pin=C12-2
Added Pin To Net: NetName=3V3 Pin=D1-1
Added Pin To Net: NetName=3V3 Pin=D2-1
Added Pin To Net: NetName=3V3 Pin=D3-1
Added Pin To Net: NetName=3V3 Pin=D4-1
Added Pin To Net: NetName=3V3 Pin=D5-1
Added Pin To Net: NetName=3V3 Pin=P1-6
Added Pin To Net: NetName=3V3 Pin=P1-8
Added Pin To Net: NetName=3V3 Pin=P4-8
Added Pin To Net: NetName=3V3 Pin=P6-1
Added Pin To Net: NetName=3V3 Pin=P8-1
Added Pin To Net: NetName=3V3 Pin=R1-1
Added Pin To Net: NetName=3V3 Pin=R2-1
Added Pin To Net: NetName=3V3 Pin=R3-2
Added Pin To Net: NetName=3V3 Pin=R8-1
Added Pin To Net: NetName=3V3 Pin=R11-2
Added Pin To Net: NetName=3V3 Pin=R12-2
Added Pin To Net: NetName=3V3 Pin=U1-16
Added Pin To Net: NetName=3V3 Pin=U2-8
Added Pin To Net: NetName=3V3 Pin=U2-44
Added Pin To Net: NetName=3V3 Pin=VR1-2
Added Pin To Net: NetName=3V3 Pin=VR1-2
Added Net: Name=3V3
Added Pin To Net: NetName=\RESET Pin=C1-1
Added Pin To Net: NetName=\RESET Pin=D1-2
Added Pin To Net: NetName=\RESET Pin=P1-3
Added Pin To Net: NetName=\RESET Pin=P6-10
Added Pin To Net: NetName=\RESET Pin=Q1-3
Added Pin To Net: NetName=\RESET Pin=R3-1
Added Pin To Net: NetName=\RESET Pin=S3-2
Added Pin To Net: NetName=\RESET Pin=S3-2
Added Pin To Net: NetName=\RESET Pin=U2-3
Added Net: Name=\RESET
Added Pin To Net: NetName=GND Pin=C1-2
Added Pin To Net: NetName=GND Pin=C2-1
Added Pin To Net: NetName=GND Pin=C4-1
Added Pin To Net: NetName=GND Pin=C6-1
Added Pin To Net: NetName=GND Pin=C7-1
Added Pin To Net: NetName=GND Pin=C8-1
Added Pin To Net: NetName=GND Pin=C9-1
Added Pin To Net: NetName=GND Pin=C10-1
Added Pin To Net: NetName=GND Pin=C11-1
Added Pin To Net: NetName=GND Pin=C12-1
Added Pin To Net: NetName=GND Pin=C13-1
Added Pin To Net: NetName=GND Pin=C14-2
Added Pin To Net: NetName=GND Pin=COMM1-3
Added Pin To Net: NetName=GND Pin=COMM1-6
Added Pin To Net: NetName=GND Pin=D6-2
Added Pin To Net: NetName=GND Pin=D7-2
Added Pin To Net: NetName=GND Pin=P1-5
Added Pin To Net: NetName=GND Pin=P1-7
Added Pin To Net: NetName=GND Pin=P4-5
Added Pin To Net: NetName=GND Pin=P5-2
Added Pin To Net: NetName=GND Pin=P6-3
Added Pin To Net: NetName=GND Pin=P6-5
Added Pin To Net: NetName=GND Pin=P6-7
Added Pin To Net: NetName=GND Pin=P6-9
Added Pin To Net: NetName=GND Pin=P8-5
Added Pin To Net: NetName=GND Pin=P9-1
Added Pin To Net: NetName=GND Pin=Q1-2
Added Pin To Net: NetName=GND Pin=Q2-2
Added Pin To Net: NetName=GND Pin=R10-2
Added Pin To Net: NetName=GND Pin=R12-1
Added Pin To Net: NetName=GND Pin=S1-2
Added Pin To Net: NetName=GND Pin=S1-2
Added Pin To Net: NetName=GND Pin=S2-2
Added Pin To Net: NetName=GND Pin=S2-2
Added Pin To Net: NetName=GND Pin=S3-1
Added Pin To Net: NetName=GND Pin=S3-1
Added Pin To Net: NetName=GND Pin=S4-1
Added Pin To Net: NetName=GND Pin=S4-1
Added Pin To Net: NetName=GND Pin=U1-15
Added Pin To Net: NetName=GND Pin=U2-5
Added Pin To Net: NetName=GND Pin=U2-41
Added Pin To Net: NetName=GND Pin=VR1-1
Added Pin To Net: NetName=GND Pin=Y2-2
Added Pin To Net: NetName=GND Pin=Y2-4
Added Net: Name=GND
Added Pin To Net: NetName=ISP13 Pin=P1-4
Added Pin To Net: NetName=ISP13 Pin=Q2-3
Added Pin To Net: NetName=ISP13 Pin=R11-1
Added Pin To Net: NetName=ISP13 Pin=S4-2
Added Pin To Net: NetName=ISP13 Pin=S4-2
Added Pin To Net: NetName=ISP13 Pin=U2-4
Added Net: Name=ISP13
Added Pin To Net: NetName=LPC13_RXD Pin=P4-10
Added Pin To Net: NetName=LPC13_RXD Pin=U1-12
Added Pin To Net: NetName=LPC13_RXD Pin=U2-46
Added Net: Name=LPC13_RXD
Added Pin To Net: NetName=LPC13_TXD Pin=P4-11
Added Pin To Net: NetName=LPC13_TXD Pin=U1-11
Added Pin To Net: NetName=LPC13_TXD Pin=U2-47
Added Net: Name=LPC13_TXD
Added Pin To Net: NetName=NetC3_1 Pin=C3-1
Added Pin To Net: NetName=NetC3_1 Pin=U1-1
Added Net: Name=NetC3_1
Added Pin To Net: NetName=NetC3_2 Pin=C3-2
Added Pin To Net: NetName=NetC3_2 Pin=U1-3
Added Net: Name=NetC3_2
Added Pin To Net: NetName=NetC4_2 Pin=C4-2
Added Pin To Net: NetName=NetC4_2 Pin=U1-2
Added Net: Name=NetC4_2
Added Pin To Net: NetName=NetC5_1 Pin=C5-1
Added Pin To Net: NetName=NetC5_1 Pin=U1-5
Added Net: Name=NetC5_1
Added Pin To Net: NetName=NetC5_2 Pin=C5-2
Added Pin To Net: NetName=NetC5_2 Pin=U1-4
Added Net: Name=NetC5_2
Added Pin To Net: NetName=NetC7_2 Pin=C7-2
Added Pin To Net: NetName=NetC7_2 Pin=U1-6
Added Net: Name=NetC7_2
Added Pin To Net: NetName=NetD2_2 Pin=D2-2
Added Pin To Net: NetName=NetD2_2 Pin=R4-1
Added Net: Name=NetD2_2
Added Pin To Net: NetName=NetD3_2 Pin=D3-2
Added Pin To Net: NetName=NetD3_2 Pin=R5-1
Added Net: Name=NetD3_2
Added Pin To Net: NetName=NetD4_2 Pin=D4-2
Added Pin To Net: NetName=NetD4_2 Pin=R6-1
Added Net: Name=NetD4_2
Added Pin To Net: NetName=NetD5_2 Pin=D5-2
Added Pin To Net: NetName=NetD5_2 Pin=R7-1
Added Net: Name=NetD5_2
Added Pin To Net: NetName=NetD6_1 Pin=D6-1
Added Pin To Net: NetName=NetD6_1 Pin=Q1-1
Added Pin To Net: NetName=NetD6_1 Pin=R9-1
Added Net: Name=NetD6_1
Added Pin To Net: NetName=NetD7_1 Pin=D7-1
Added Pin To Net: NetName=NetD7_1 Pin=Q2-1
Added Pin To Net: NetName=NetD7_1 Pin=R13-1
Added Net: Name=NetD7_1
Added Pin To Net: NetName=NetP7_1 Pin=P7-1
Added Pin To Net: NetName=NetP7_1 Pin=R8-2
Added Net: Name=NetP7_1
Added Pin To Net: NetName=PIO0_2 Pin=P1-10
Added Pin To Net: NetName=PIO0_2 Pin=U2-10
Added Net: Name=PIO0_2
Added Pin To Net: NetName=PIO0_3 Pin=P2-2
Added Pin To Net: NetName=PIO0_3 Pin=P7-2
Added Pin To Net: NetName=PIO0_3 Pin=R10-1
Added Pin To Net: NetName=PIO0_3 Pin=U2-14
Added Net: Name=PIO0_3
Added Pin To Net: NetName=PIO0_4 Pin=P2-3
Added Pin To Net: NetName=PIO0_4 Pin=P8-2
Added Pin To Net: NetName=PIO0_4 Pin=U2-15
Added Net: Name=PIO0_4
Added Pin To Net: NetName=PIO0_5 Pin=P2-4
Added Pin To Net: NetName=PIO0_5 Pin=P8-3
Added Pin To Net: NetName=PIO0_5 Pin=U2-16
Added Net: Name=PIO0_5
Added Pin To Net: NetName=PIO0_6 Pin=P2-10
Added Pin To Net: NetName=PIO0_6 Pin=U2-22
Added Net: Name=PIO0_6
Added Pin To Net: NetName=PIO0_7 Pin=P2-11
Added Pin To Net: NetName=PIO0_7 Pin=U2-23
Added Net: Name=PIO0_7
Added Pin To Net: NetName=PIO0_8 Pin=P3-3
Added Pin To Net: NetName=PIO0_8 Pin=U2-27
Added Net: Name=PIO0_8
Added Pin To Net: NetName=PIO0_9 Pin=P3-4
Added Pin To Net: NetName=PIO0_9 Pin=P5-1
Added Pin To Net: NetName=PIO0_9 Pin=P6-6
Added Pin To Net: NetName=PIO0_9 Pin=U2-28
Added Net: Name=PIO0_9
Added Pin To Net: NetName=PIO0_10 Pin=P3-5
Added Pin To Net: NetName=PIO0_10 Pin=P6-4
Added Pin To Net: NetName=PIO0_10 Pin=U2-29
Added Net: Name=PIO0_10
Added Pin To Net: NetName=PIO0_11 Pin=P3-8
Added Pin To Net: NetName=PIO0_11 Pin=R12-3
Added Pin To Net: NetName=PIO0_11 Pin=U2-32
Added Net: Name=PIO0_11
Added Pin To Net: NetName=PIO1_0 Pin=P3-9
Added Pin To Net: NetName=PIO1_0 Pin=U2-33
Added Net: Name=PIO1_0
Added Pin To Net: NetName=PIO1_1 Pin=P3-10
Added Pin To Net: NetName=PIO1_1 Pin=U2-34
Added Net: Name=PIO1_1
Added Pin To Net: NetName=PIO1_2 Pin=P3-11
Added Pin To Net: NetName=PIO1_2 Pin=U2-35
Added Net: Name=PIO1_2
Added Pin To Net: NetName=PIO1_3 Pin=P4-3
Added Pin To Net: NetName=PIO1_3 Pin=P6-2
Added Pin To Net: NetName=PIO1_3 Pin=U2-39
Added Net: Name=PIO1_3
Added Pin To Net: NetName=PIO1_4 Pin=P4-4
Added Pin To Net: NetName=PIO1_4 Pin=R2-2
Added Pin To Net: NetName=PIO1_4 Pin=S2-1
Added Pin To Net: NetName=PIO1_4 Pin=S2-1
Added Pin To Net: NetName=PIO1_4 Pin=U2-40
Added Net: Name=PIO1_4
Added Pin To Net: NetName=PIO1_5 Pin=P4-9
Added Pin To Net: NetName=PIO1_5 Pin=R1-2
Added Pin To Net: NetName=PIO1_5 Pin=S1-1
Added Pin To Net: NetName=PIO1_5 Pin=S1-1
Added Pin To Net: NetName=PIO1_5 Pin=U2-45
Added Net: Name=PIO1_5
Added Pin To Net: NetName=PIO1_8 Pin=P1-9
Added Pin To Net: NetName=PIO1_8 Pin=P8-4
Added Pin To Net: NetName=PIO1_8 Pin=U2-9
Added Net: Name=PIO1_8
Added Pin To Net: NetName=PIO1_9 Pin=P2-5
Added Pin To Net: NetName=PIO1_9 Pin=P8-8
Added Pin To Net: NetName=PIO1_9 Pin=U2-17
Added Net: Name=PIO1_9
Added Pin To Net: NetName=PIO1_10 Pin=P3-6
Added Pin To Net: NetName=PIO1_10 Pin=P8-7
Added Pin To Net: NetName=PIO1_10 Pin=U2-30
Added Net: Name=PIO1_10
Added Pin To Net: NetName=PIO1_11 Pin=P4-6
Added Pin To Net: NetName=PIO1_11 Pin=P8-6
Added Pin To Net: NetName=PIO1_11 Pin=U2-42
Added Net: Name=PIO1_11
Added Pin To Net: NetName=PIO2_0 Pin=P1-2
Added Pin To Net: NetName=PIO2_0 Pin=R4-2
Added Pin To Net: NetName=PIO2_0 Pin=U2-2
Added Net: Name=PIO2_0
Added Pin To Net: NetName=PIO2_1 Pin=P2-1
Added Pin To Net: NetName=PIO2_1 Pin=R5-2
Added Pin To Net: NetName=PIO2_1 Pin=U2-13
Added Net: Name=PIO2_1
Added Pin To Net: NetName=PIO2_2 Pin=P3-2
Added Pin To Net: NetName=PIO2_2 Pin=R6-2
Added Pin To Net: NetName=PIO2_2 Pin=U2-26
Added Net: Name=PIO2_2
Added Pin To Net: NetName=PIO2_3 Pin=P4-2
Added Pin To Net: NetName=PIO2_3 Pin=R7-2
Added Pin To Net: NetName=PIO2_3 Pin=U2-38
Added Net: Name=PIO2_3
Added Pin To Net: NetName=PIO2_4 Pin=P2-7
Added Pin To Net: NetName=PIO2_4 Pin=U2-19
Added Net: Name=PIO2_4
Added Pin To Net: NetName=PIO2_5 Pin=P2-8
Added Pin To Net: NetName=PIO2_5 Pin=U2-20
Added Net: Name=PIO2_5
Added Pin To Net: NetName=PIO2_6 Pin=P1-1
Added Pin To Net: NetName=PIO2_6 Pin=U2-1
Added Net: Name=PIO2_6
Added Pin To Net: NetName=PIO2_7 Pin=P1-11
Added Pin To Net: NetName=PIO2_7 Pin=U2-11
Added Net: Name=PIO2_7
Added Pin To Net: NetName=PIO2_8 Pin=P1-12
Added Pin To Net: NetName=PIO2_8 Pin=U2-12
Added Net: Name=PIO2_8
Added Pin To Net: NetName=PIO2_9 Pin=P2-12
Added Pin To Net: NetName=PIO2_9 Pin=U2-24
Added Net: Name=PIO2_9
Added Pin To Net: NetName=PIO2_10 Pin=P3-1
Added Pin To Net: NetName=PIO2_10 Pin=U2-25
Added Net: Name=PIO2_10
Added Pin To Net: NetName=PIO2_11 Pin=P3-7
Added Pin To Net: NetName=PIO2_11 Pin=U2-31
Added Net: Name=PIO2_11
Added Pin To Net: NetName=PIO3_0 Pin=P3-12
Added Pin To Net: NetName=PIO3_0 Pin=U2-36
Added Net: Name=PIO3_0
Added Pin To Net: NetName=PIO3_1 Pin=P4-1
Added Pin To Net: NetName=PIO3_1 Pin=U2-37
Added Net: Name=PIO3_1
Added Pin To Net: NetName=PIO3_2 Pin=P4-7
Added Pin To Net: NetName=PIO3_2 Pin=U2-43
Added Net: Name=PIO3_2
Added Pin To Net: NetName=PIO3_3 Pin=P4-12
Added Pin To Net: NetName=PIO3_3 Pin=U2-48
Added Net: Name=PIO3_3
Added Pin To Net: NetName=PIO3_4 Pin=P2-6
Added Pin To Net: NetName=PIO3_4 Pin=U2-18
Added Net: Name=PIO3_4
Added Pin To Net: NetName=PIO3_5 Pin=P2-9
Added Pin To Net: NetName=PIO3_5 Pin=U2-21
Added Net: Name=PIO3_5
Added Pin To Net: NetName=UDTR3 Pin=COMM1-5
Added Pin To Net: NetName=UDTR3 Pin=R9-2
Added Net: Name=UDTR3
Added Pin To Net: NetName=URTS3 Pin=COMM1-4
Added Pin To Net: NetName=URTS3 Pin=R13-2
Added Net: Name=URTS3
Added Pin To Net: NetName=URXD3 Pin=COMM1-1
Added Pin To Net: NetName=URXD3 Pin=U1-14
Added Net: Name=URXD3
Added Pin To Net: NetName=UTXD3 Pin=COMM1-2
Added Pin To Net: NetName=UTXD3 Pin=U1-13
Added Net: Name=UTXD3
Added Pin To Net: NetName=VIN Pin=C8-2
Added Pin To Net: NetName=VIN Pin=P9-2
Added Pin To Net: NetName=VIN Pin=VR1-3
Added Net: Name=VIN
Added Pin To Net: NetName=XTALIN Pin=C13-2
Added Pin To Net: NetName=XTALIN Pin=U2-6
Added Pin To Net: NetName=XTALIN Pin=Y1-1
Added Pin To Net: NetName=XTALIN Pin=Y2-1
Added Net: Name=XTALIN
Added Pin To Net: NetName=XTALOUT Pin=C14-1
Added Pin To Net: NetName=XTALOUT Pin=U2-7
Added Pin To Net: NetName=XTALOUT Pin=Y1-2
Added Pin To Net: NetName=XTALOUT Pin=Y2-3
Added Net: Name=XTALOUT
Added Class: Name=MCB1313epf
Added Room: Name=MCB1313epf
